<?xml version="1.0" encoding="UTF-8"?>
<!-- Generated by org.testng.reporters.JUnitReportReporter -->
<testsuite skipped="0" hostname="DESKTOP-LJ1R03G" name="com.module.TestngLaunch" tests="1" failures="0" timestamp="24 Apr 2019 11:15:41 GMT" time="5.937" errors="0">
  <testcase name="executeLaunch" time="5.937" classname="com.module.TestngLaunch"/>
</testsuite> <!-- com.module.TestngLaunch -->
